<?xml version="1.0" encoding="UTF-8"?>
<!-- Generated by org.testng.reporters.JUnitReportReporter -->
<testsuite hostname="badabeeddccbcfeefcabbdcdefafeaf-0" failures="0" tests="3" name="testcases.Testcase1" time="28.148" errors="0" timestamp="2023-08-10T14:30:31 UTC" skipped="0">
  <testcase classname="testcases.Testcase1" name="Register" time="12.506"/>
  <testcase classname="testcases.Testcase1" name="Valid_Login_TC" time="9.556"/>
  <testcase classname="testcases.Testcase1" name="TC_Vote_003" time="6.086"/>
</testsuite> <!-- testcases.Testcase1 -->
