<?xml version="1.0" encoding="UTF-8"?>
<!-- Generated by org.testng.reporters.JUnitReportReporter -->
<testsuite hostname="badabeeddccbcfeefcabbdcdefafeaf-0" failures="0" tests="3" name="testcases.Testcase1" time="24.328" errors="0" timestamp="2023-08-10T14:12:24 UTC" skipped="0">
  <testcase classname="testcases.Testcase1" name="Register" time="10.204"/>
  <testcase classname="testcases.Testcase1" name="Valid_Login_TC" time="5.518"/>
  <testcase classname="testcases.Testcase1" name="TC_Vote_003" time="8.606"/>
</testsuite> <!-- testcases.Testcase1 -->
